#
# A fatal error has been detected by the Java Runtime Environment:
#
#  EXCEPTION_ACCESS_VIOLATION (0xc0000005) at pc=0x000000006d92503e, pid=4816, tid=4204
#
# JRE version: 6.0_45-b06
# Java VM: Java HotSpot(TM) 64-Bit Server VM (20.45-b01 mixed mode windows-amd64 compressed oops)
# Problematic frame:
# V  [jvm.dll+0x4503e]
#
# If you would like to submit a bug report, please visit:
#   http://java.sun.com/webapps/bugreport/crash.jsp
#

---------------  T H R E A D  ---------------

Current thread (0x0000000006700800):  JavaThread "JDWP Transport Listener: dt_socket" daemon [_thread_in_vm, id=4204, stack(0x00000000079b0000,0x0000000007ab0000)]

siginfo: ExceptionCode=0xc0000005, reading address 0x0000000000000008

Registers:
RAX=0x0000000000000014, RBX=0x0000000006700800, RCX=0x00000007d75a7b30, RDX=0x0000000000000000
RSP=0x0000000007aaf800, RBP=0x0000000007aaf970, RSI=0x0000000000000000, RDI=0x0000000000000000
R8 =0x00000007d75a7b30, R9 =0x0000000000000000, R10=0x0000000000000000, R11=0x0000000000000001
R12=0x0000000000000000, R13=0x0000000000000000, R14=0x0000000000000000, R15=0x0000000000000000
RIP=0x000000006d92503e, EFLAGS=0x0000000000010202

Top of Stack: (sp=0x0000000007aaf800)
0x0000000007aaf800:   00000000067009d0 000000006d4f04c2
0x0000000007aaf810:   00000000067009d0 00000000067009d0
0x0000000007aaf820:   00000007d75a7b30 000000006d9fd91e
0x0000000007aaf830:   0000000007aaf918 0000000007aaf918
0x0000000007aaf840:   000000000859c5a8 000000006d4e5dcf
0x0000000007aaf850:   0000000006700800 0000000000000000
0x0000000007aaf860:   0000000000000000 0000000000000000
0x0000000007aaf870:   00000000067009d0 0000000000000000
0x0000000007aaf880:   0000000000000000 000000006d4d76da
0x0000000007aaf890:   0000000007aaf918 0000000007aaf970
0x0000000007aaf8a0:   000000000859c5a8 00000000067009d0
0x0000000007aaf8b0:   00000000067009d0 000000006d31500a
0x0000000007aaf8c0:   0000000000000000 0000000007aafed0
0x0000000007aaf8d0:   0000000008893001 000000006d4dea83
0x0000000007aaf8e0:   0000000000000000 0000000006707660
0x0000000007aaf8f0:   0000000000000006 0000000008245a30 

Instructions: (pc=0x000000006d92503e)
0x000000006d92501e:   04 48 8b 14 08 45 84 db 48 63 05 b3 1d 6e 00 4a
0x000000006d92502e:   63 34 00 48 63 05 a4 1d 6e 00 46 8b 0c 00 74 16
0x000000006d92503e:   8b 42 08 0f b6 0d f8 41 6c 00 48 d3 e0 48 03 05
0x000000006d92504e:   e6 41 6c 00 eb 04 48 8b 42 08 8b 40 18 25 00 ff 


Register to memory mapping:

RAX=0x0000000000000014 is an unknown value
RBX=0x0000000006700800 is a thread
RCX=0x00000007d75a7b30 is an oop
java.lang.String 
 - klass: 'java/lang/String'
RDX=0x0000000000000000 is an unknown value
RSP=0x0000000007aaf800 is pointing into the stack for thread: 0x0000000006700800
RBP=0x0000000007aaf970 is pointing into the stack for thread: 0x0000000006700800
RSI=0x0000000000000000 is an unknown value
RDI=0x0000000000000000 is an unknown value
R8 =0x00000007d75a7b30 is an oop
java.lang.String 
 - klass: 'java/lang/String'
R9 =0x0000000000000000 is an unknown value
R10=0x0000000000000000 is an unknown value
R11=0x0000000000000001 is an unknown value
R12=0x0000000000000000 is an unknown value
R13=0x0000000000000000 is an unknown value
R14=0x0000000000000000 is an unknown value
R15=0x0000000000000000 is an unknown value


Stack: [0x00000000079b0000,0x0000000007ab0000],  sp=0x0000000007aaf800,  free space=1022k
Native frames: (J=compiled Java code, j=interpreted, Vv=VM code, C=native code)
V  [jvm.dll+0x4503e]
C  0x000000000000012c


---------------  P R O C E S S  ---------------

Java Threads: ( => current thread )
  0x00000000066e5000 JavaThread "EMF Reference Cleaner" daemon [_thread_blocked, id=6280, stack(0x0000000008fc0000,0x00000000090c0000)]
  0x00000000066e4000 JavaThread "Low Memory Detector" daemon [_thread_blocked, id=6496, stack(0x0000000007fc0000,0x00000000080c0000)]
  0x000000000671f000 JavaThread "C2 CompilerThread1" daemon [_thread_blocked, id=3948, stack(0x0000000007ec0000,0x0000000007fc0000)]
  0x0000000006719800 JavaThread "C2 CompilerThread0" daemon [_thread_blocked, id=3260, stack(0x0000000007dc0000,0x0000000007ec0000)]
  0x0000000006713800 JavaThread "JDWP Command Reader" daemon [_thread_in_native, id=4040, stack(0x0000000007cc0000,0x0000000007dc0000)]
  0x0000000006707000 JavaThread "JDWP Event Helper Thread" daemon [_thread_blocked, id=7108, stack(0x0000000007af0000,0x0000000007bf0000)]
=>0x0000000006700800 JavaThread "JDWP Transport Listener: dt_socket" daemon [_thread_in_vm, id=4204, stack(0x00000000079b0000,0x0000000007ab0000)]
  0x00000000066e3800 JavaThread "Attach Listener" daemon [_thread_blocked, id=2140, stack(0x00000000074d0000,0x00000000075d0000)]
  0x00000000066e2800 JavaThread "Signal Dispatcher" daemon [_thread_blocked, id=5804, stack(0x00000000073d0000,0x00000000074d0000)]
  0x0000000006691800 JavaThread "Finalizer" daemon [_thread_blocked, id=6520, stack(0x00000000072d0000,0x00000000073d0000)]
  0x000000000052f000 JavaThread "Reference Handler" daemon [_thread_blocked, id=6928, stack(0x00000000071d0000,0x00000000072d0000)]
  0x0000000000498000 JavaThread "main" [_thread_blocked, id=1696, stack(0x00000000024f0000,0x00000000025f0000)]

Other Threads:
  0x000000000052d800 VMThread [stack: 0x00000000070d0000,0x00000000071d0000] [id=7100]
  0x0000000006734000 WatcherThread [stack: 0x00000000080c0000,0x00000000081c0000] [id=6596]

VM state:not at safepoint (normal execution)

VM Mutex/Monitor currently owned by a thread: None

Heap
 PSYoungGen      total 37632K, used 24207K [0x00000007d60b0000, 0x00000007d8aa0000, 0x0000000800000000)
  eden space 32320K, 66% used [0x00000007d60b0000,0x00000007d75cbfe0,0x00000007d8040000)
  from space 5312K, 48% used [0x00000007d8040000,0x00000007d82c8000,0x00000007d8570000)
  to   space 5312K, 0% used [0x00000007d8570000,0x00000007d8570000,0x00000007d8aa0000)
 PSOldGen        total 85952K, used 0K [0x0000000782200000, 0x00000007875f0000, 0x00000007d60b0000)
  object space 85952K, 0% used [0x0000000782200000,0x0000000782200000,0x00000007875f0000)
 PSPermGen       total 21248K, used 18750K [0x000000077d000000, 0x000000077e4c0000, 0x0000000782200000)
  object space 21248K, 88% used [0x000000077d000000,0x000000077e24fab8,0x000000077e4c0000)

Code Cache  [0x00000000025f0000, 0x0000000002860000, 0x00000000055f0000)
 total_blobs=579 nmethods=311 adapters=230 free_code_cache=49039360 largest_free_block=7616

Dynamic libraries:
0x0000000000400000 - 0x000000000042f000 	C:\Program Files\Java\jdk1.6.0_45\bin\javaw.exe
0x00000000771f0000 - 0x0000000077399000 	C:\Windows\SYSTEM32\ntdll.dll
0x00000000770d0000 - 0x00000000771ef000 	C:\Windows\system32\kernel32.dll
0x000007fefd2f0000 - 0x000007fefd35c000 	C:\Windows\system32\KERNELBASE.dll
0x000007fefe5e0000 - 0x000007fefe6bb000 	C:\Windows\system32\ADVAPI32.dll
0x000007feff1f0000 - 0x000007feff28f000 	C:\Windows\system32\msvcrt.dll
0x000007fefe730000 - 0x000007fefe74f000 	C:\Windows\SYSTEM32\sechost.dll
0x000007feff3a0000 - 0x000007feff4cd000 	C:\Windows\system32\RPCRT4.dll
0x0000000076fd0000 - 0x00000000770ca000 	C:\Windows\system32\USER32.dll
0x000007fefd640000 - 0x000007fefd6a7000 	C:\Windows\system32\GDI32.dll
0x000007fefd630000 - 0x000007fefd63e000 	C:\Windows\system32\LPK.dll
0x000007fefe4c0000 - 0x000007fefe589000 	C:\Windows\system32\USP10.dll
0x000007feff4d0000 - 0x000007feff4fe000 	C:\Windows\system32\IMM32.DLL
0x000007feff290000 - 0x000007feff399000 	C:\Windows\system32\MSCTF.dll
0x000000006d8e0000 - 0x000000006e09c000 	C:\Program Files\Java\jdk1.6.0_45\jre\bin\server\jvm.dll
0x000007fef48b0000 - 0x000007fef48eb000 	C:\Windows\system32\WINMM.dll
0x000000006d850000 - 0x000000006d85e000 	C:\Program Files\Java\jdk1.6.0_45\jre\bin\verify.dll
0x000000006d460000 - 0x000000006d487000 	C:\Program Files\Java\jdk1.6.0_45\jre\bin\java.dll
0x000000006d4d0000 - 0x000000006d504000 	C:\Program Files\Java\jdk1.6.0_45\jre\bin\jdwp.dll
0x000000006d6f0000 - 0x000000006d6f8000 	C:\Program Files\Java\jdk1.6.0_45\jre\bin\npt.dll
0x000000006d8a0000 - 0x000000006d8b2000 	C:\Program Files\Java\jdk1.6.0_45\jre\bin\zip.dll
0x000000006d310000 - 0x000000006d319000 	C:\Program Files\Java\jdk1.6.0_45\jre\bin\dt_socket.dll
0x000007fefe590000 - 0x000007fefe5dd000 	C:\Windows\system32\WS2_32.dll
0x000007fefe720000 - 0x000007fefe728000 	C:\Windows\system32\NSI.dll
0x000007fefa860000 - 0x000007fefa875000 	C:\Windows\system32\NLAapi.dll
0x000007feed570000 - 0x000007feed585000 	C:\Windows\system32\napinsp.dll
0x000007feed550000 - 0x000007feed569000 	C:\Windows\system32\pnrpnsp.dll
0x000007feed540000 - 0x000007feed550000 	C:\Windows\system32\wshbth.dll
0x000007fefc750000 - 0x000007fefc7a5000 	C:\Windows\System32\mswsock.dll
0x000007fefc5d0000 - 0x000007fefc62b000 	C:\Windows\system32\DNSAPI.dll
0x000007feed530000 - 0x000007feed53b000 	C:\Windows\System32\winrnr.dll
0x000007fefa240000 - 0x000007fefa267000 	C:\Windows\system32\IPHLPAPI.DLL
0x000007fefa2c0000 - 0x000007fefa2cb000 	C:\Windows\system32\WINNSI.DLL
0x000007fefa170000 - 0x000007fefa1c3000 	C:\Windows\System32\fwpuclnt.dll
0x000007fef5390000 - 0x000007fef5398000 	C:\Windows\system32\rasadhlp.dll
0x000007fefc170000 - 0x000007fefc177000 	C:\Windows\System32\wshtcpip.dll
0x00000000773b0000 - 0x00000000773b7000 	C:\Windows\system32\PSAPI.DLL

VM Arguments:
jvm_args: -agentlib:jdwp=transport=dt_socket,suspend=y,address=localhost:5354 -Dfile.encoding=Cp1252 
java_command: org.questlab.motter.mof.MOFTransformationLaunch
Launcher Type: SUN_STANDARD

Environment Variables:
JAVA_HOME=C:\Program Files\Java\jdk1.7.0_40
PATH=C:\Program Files\Java\jdk1.6.0_45\jre\bin;C:\ProgramData\Oracle\Java\javapath;C:\Program Files (x86)\AMD APP\bin\x86_64;C:\Program Files (x86)\AMD APP\bin\x86;C:\Windows\system32;C:\Windows;C:\Windows\System32\Wbem;C:\Windows\System32\WindowsPowerShell\v1.0\;C:\Program Files (x86)\ATI Technologies\ATI.ACE\Core-Static;C:\Program Files (x86)\Microsoft SQL Server\100\Tools\Binn\;C:\Program Files\Microsoft SQL Server\100\Tools\Binn\;C:\Program Files\Microsoft SQL Server\100\DTS\Binn\;C:\Program Files (x86)\Microsoft SQL Server\100\Tools\Binn\VSShell\Common7\IDE\;C:\Program Files (x86)\Microsoft Visual Studio 9.0\Common7\IDE\PrivateAssemblies\;C:\Program Files (x86)\Microsoft SQL Server\100\DTS\Binn\;C:\Program Files\Microsoft\Web Platform Installer\;C:\Program Files (x86)\Microsoft ASP.NET\ASP.NET Web Pages\v1.0\;C:\Program Files (x86)\Windows Kits\8.0\Windows Performance Toolkit\;C:\Program Files\Microsoft SQL Server\110\Tools\Binn\
USERNAME=Atif
OS=Windows_NT
PROCESSOR_IDENTIFIER=Intel64 Family 6 Model 58 Stepping 9, GenuineIntel



---------------  S Y S T E M  ---------------

OS: Windows 7 , 64 bit Build 7601 Service Pack 1

CPU:total 8 (4 cores per cpu, 2 threads per core) family 6 model 58 stepping 9, cmov, cx8, fxsr, mmx, sse, sse2, sse3, ssse3, sse4.1, sse4.2, popcnt, ht

Memory: 4k page, physical 8247144k(5564736k free), swap 16492452k(12228900k free)

vm_info: Java HotSpot(TM) 64-Bit Server VM (20.45-b01) for windows-amd64 JRE (1.6.0_45-b06), built on Apr  1 2013 12:31:37 by "java_re" with MS VC++ 8.0 (VS2005)

time: Mon May 18 09:42:35 2015
elapsed time: 179 seconds

